<?xml version="1.0" encoding="UTF-8"?>
<!-- Generated by org.testng.reporters.JUnitReportReporter -->
<testsuite hostname="DESKTOP-5AF458F" failures="0" tests="1" name="com.swaggerDoc.Sample" time="7.661" errors="0" timestamp="2024-07-29T16:17:33 IST" skipped="0">
  <testcase classname="com.swaggerDoc.Sample" name="login" time="7.661"/>
</testsuite> <!-- com.swaggerDoc.Sample -->
