<?xml version="1.0" encoding="UTF-8"?>
<!-- Generated by org.testng.reporters.JUnitReportReporter -->
<testsuite hostname="DESKTOP-5AF458F" failures="0" tests="1" name="com.testNgIntegraton.Sample" time="5.083" errors="0" timestamp="2024-07-29T16:18:55 IST" skipped="0">
  <testcase classname="com.testNgIntegraton.Sample" name="getSingleUser" time="5.083"/>
</testsuite> <!-- com.testNgIntegraton.Sample -->
